25-01-01.17:21:29.687 [main            ] INFO  MonitorApplication     - Starting MonitorApplication using Java 1.8.0_281 on catlap with PID 7152 (D:\WorkSpace\GagaPlus\business-behavior-monitor\business-behavior-monitor-admin\target\classes started by Cat in D:\WorkSpace\GagaPlus\business-behavior-monitor)
25-01-01.17:21:29.688 [main            ] INFO  MonitorApplication     - No active profile set, falling back to 1 default profile: "default"
25-01-01.17:21:30.514 [main            ] INFO  RepositoryConfigurationDelegate - Multiple Spring Data modules found, entering strict repository configuration mode
25-01-01.17:21:30.517 [main            ] INFO  RepositoryConfigurationDelegate - Bootstrapping Spring Data Redis repositories in DEFAULT mode.
25-01-01.17:21:30.538 [main            ] INFO  RepositoryConfigurationDelegate - Finished Spring Data repository scanning in 4 ms. Found 0 Redis repository interfaces.
25-01-01.17:21:30.628 [main            ] WARN  ClassPathMapperScanner - No MyBatis mapper was found in '[cn.cat.monitor]' package. Please check your configuration.
25-01-01.17:21:31.090 [main            ] INFO  TomcatWebServer        - Tomcat initialized with port(s): 8091 (http)
25-01-01.17:21:31.090 [main            ] INFO  AprLifecycleListener   - Loaded Apache Tomcat Native library [1.2.33] using APR version [1.7.0].
25-01-01.17:21:31.090 [main            ] INFO  AprLifecycleListener   - APR capabilities: IPv6 [true], sendfile [true], accept filters [false], random [true], UDS [true].
25-01-01.17:21:31.090 [main            ] INFO  AprLifecycleListener   - APR/OpenSSL configuration: useAprConnector [false], useOpenSSL [true]
25-01-01.17:21:31.092 [main            ] INFO  AprLifecycleListener   - OpenSSL successfully initialized [OpenSSL 1.1.1o  3 May 2022]
25-01-01.17:21:31.098 [main            ] INFO  Http11NioProtocol      - Initializing ProtocolHandler ["http-nio-8091"]
25-01-01.17:21:31.098 [main            ] INFO  StandardService        - Starting service [Tomcat]
25-01-01.17:21:31.098 [main            ] INFO  StandardEngine         - Starting Servlet engine: [Apache Tomcat/9.0.75]
25-01-01.17:21:31.197 [main            ] INFO  [/]                    - Initializing Spring embedded WebApplicationContext
25-01-01.17:21:31.197 [main            ] INFO  ServletWebServerApplicationContext - Root WebApplicationContext: initialization completed in 1458 ms
25-01-01.17:21:31.253 [main            ] ERROR TomcatStarter          - Error starting Tomcat context. Exception: org.springframework.beans.factory.UnsatisfiedDependencyException. Message: Error creating bean with name 'webMvcMetricsFilter' defined in class path resource [org/springframework/boot/actuate/autoconfigure/metrics/web/servlet/WebMvcMetricsAutoConfiguration.class]: Unsatisfied dependency expressed through method 'webMvcMetricsFilter' parameter 0; nested exception is org.springframework.beans.factory.BeanCreationException: Error creating bean with name 'simpleMeterRegistry' defined in class path resource [org/springframework/boot/actuate/autoconfigure/metrics/export/simple/SimpleMetricsExportAutoConfiguration.class]: Initialization of bean failed; nested exception is org.springframework.beans.factory.UnsatisfiedDependencyException: Error creating bean with name 'dataSourcePoolMetadataMeterBinder' defined in class path resource [org/springframework/boot/actuate/autoconfigure/metrics/jdbc/DataSourcePoolMetricsAutoConfiguration$DataSourcePoolMetadataMetricsConfiguration.class]: Unsatisfied dependency expressed through method 'dataSourcePoolMetadataMeterBinder' parameter 0; nested exception is org.springframework.beans.factory.BeanCreationException: Error creating bean with name 'dataSource' defined in class path resource [org/springframework/boot/autoconfigure/jdbc/DataSourceConfiguration$Hikari.class]: Bean instantiation via factory method failed; nested exception is org.springframework.beans.BeanInstantiationException: Failed to instantiate [com.zaxxer.hikari.HikariDataSource]: Factory method 'dataSource' threw exception; nested exception is org.springframework.boot.autoconfigure.jdbc.DataSourceProperties$DataSourceBeanCreationException: Failed to determine a suitable driver class
25-01-01.17:21:31.298 [main            ] INFO  StandardService        - Stopping service [Tomcat]
25-01-01.17:21:31.307 [main            ] WARN  AnnotationConfigServletWebServerApplicationContext - Exception encountered during context initialization - cancelling refresh attempt: org.springframework.context.ApplicationContextException: Unable to start web server; nested exception is org.springframework.boot.web.server.WebServerException: Unable to start embedded Tomcat
25-01-01.17:21:31.315 [main            ] INFO  ConditionEvaluationReportLoggingListener - 

Error starting ApplicationContext. To display the conditions report re-run your application with 'debug' enabled.
25-01-01.17:21:31.343 [main            ] ERROR LoggingFailureAnalysisReporter - 

***************************
APPLICATION FAILED TO START
***************************

Description:

Failed to configure a DataSource: 'url' attribute is not specified and no embedded datasource could be configured.

Reason: Failed to determine a suitable driver class


Action:

Consider the following:
	If you want an embedded database (H2, HSQL or Derby), please put it on the classpath.
	If you have database settings to be loaded from a particular profile you may need to activate it (no profiles are currently active).

25-01-01.17:24:10.998 [main            ] INFO  MonitorApplication     - Starting MonitorApplication using Java 1.8.0_281 on catlap with PID 13868 (D:\WorkSpace\GagaPlus\business-behavior-monitor\business-behavior-monitor-admin\target\classes started by Cat in D:\WorkSpace\GagaPlus\business-behavior-monitor)
25-01-01.17:24:11.000 [main            ] INFO  MonitorApplication     - No active profile set, falling back to 1 default profile: "default"
25-01-01.17:24:11.502 [main            ] INFO  RepositoryConfigurationDelegate - Multiple Spring Data modules found, entering strict repository configuration mode
25-01-01.17:24:11.503 [main            ] INFO  RepositoryConfigurationDelegate - Bootstrapping Spring Data Redis repositories in DEFAULT mode.
25-01-01.17:24:11.516 [main            ] INFO  RepositoryConfigurationDelegate - Finished Spring Data repository scanning in 3 ms. Found 0 Redis repository interfaces.
25-01-01.17:24:11.574 [main            ] WARN  ClassPathMapperScanner - No MyBatis mapper was found in '[cn.cat.monitor]' package. Please check your configuration.
25-01-01.17:24:11.830 [main            ] INFO  TomcatWebServer        - Tomcat initialized with port(s): 8091 (http)
25-01-01.17:24:11.830 [main            ] INFO  AprLifecycleListener   - Loaded Apache Tomcat Native library [1.2.33] using APR version [1.7.0].
25-01-01.17:24:11.830 [main            ] INFO  AprLifecycleListener   - APR capabilities: IPv6 [true], sendfile [true], accept filters [false], random [true], UDS [true].
25-01-01.17:24:11.830 [main            ] INFO  AprLifecycleListener   - APR/OpenSSL configuration: useAprConnector [false], useOpenSSL [true]
25-01-01.17:24:11.832 [main            ] INFO  AprLifecycleListener   - OpenSSL successfully initialized [OpenSSL 1.1.1o  3 May 2022]
25-01-01.17:24:11.838 [main            ] INFO  Http11NioProtocol      - Initializing ProtocolHandler ["http-nio-8091"]
25-01-01.17:24:11.838 [main            ] INFO  StandardService        - Starting service [Tomcat]
25-01-01.17:24:11.839 [main            ] INFO  StandardEngine         - Starting Servlet engine: [Apache Tomcat/9.0.75]
25-01-01.17:24:11.938 [main            ] INFO  [/]                    - Initializing Spring embedded WebApplicationContext
25-01-01.17:24:11.938 [main            ] INFO  ServletWebServerApplicationContext - Root WebApplicationContext: initialization completed in 913 ms
25-01-01.17:24:12.404 [main            ] INFO  Version                - Redisson 3.26.0
25-01-01.17:24:12.869 [redisson-netty-1-5] INFO  ConnectionsHolder      - 1 connections initialized for localhost/127.0.0.1:6379
25-01-01.17:24:12.924 [redisson-netty-1-20] INFO  ConnectionsHolder      - 24 connections initialized for localhost/127.0.0.1:6379
25-01-01.17:24:13.239 [main            ] INFO  EndpointLinksResolver  - Exposing 1 endpoint(s) beneath base path '/actuator'
25-01-01.17:24:13.257 [main            ] INFO  Http11NioProtocol      - Starting ProtocolHandler ["http-nio-8091"]
25-01-01.17:24:13.264 [main            ] INFO  TomcatWebServer        - Tomcat started on port(s): 8091 (http) with context path ''
25-01-01.17:24:13.273 [main            ] INFO  MonitorApplication     - Started MonitorApplication in 2.571 seconds (JVM running for 3.128)
25-01-01.17:24:13.340 [RMI TCP Connection(1)-192.168.136.1] INFO  [/]                    - Initializing Spring DispatcherServlet 'dispatcherServlet'
25-01-01.17:24:13.340 [RMI TCP Connection(1)-192.168.136.1] INFO  DispatcherServlet      - Initializing Servlet 'dispatcherServlet'
25-01-01.17:24:13.342 [RMI TCP Connection(1)-192.168.136.1] INFO  DispatcherServlet      - Completed initialization in 2 ms
25-01-01.17:24:13.626 [RMI TCP Connection(3)-192.168.136.1] INFO  HikariDataSource       - HikariPool-1 - Starting...
